V |                      | ArgumentsFromParametersFile.OnBuildCreated (150)
V |                      | InjectParameterValues.OnBuildCreated (100)
V |                      | HandleShellCompletion.OnBuildCreated (75)
V |                      | GenerateBuildServerConfigurations.OnBuildCreated (50)
V |                      | InvokeBuildServerConfigurationGeneration.OnBuildCreated (45)
V |                      | UpdateNotification.OnBuildCreated (10)
V |                      | UnsetVisualStudioEnvironmentVariables.OnBuildCreated (0)
V |                      | HandleVisualStudioDebugging.OnBuildCreated (0)
V |                      | HandleSingleFileExecution.OnBuildCreated (-50)
V |                      | EventInvoker.OnBuildCreated (-3.4028235E+38)
V |                      | HandleHelpRequests.OnBuildInitialized (5)
V |                      | Telemetry.OnBuildInitialized (0)
V |                      | Sending BuildStarted telemetry event ...
V |                      |   build_components         = 
V |                      |   build_type               = Project
V |                      |   compile_time             = 4
V |                      |   config_generators        = 
V |                      |   host                     = Terminal
V |                      |   num_custom_components    = 0
V |                      |   num_custom_extensions    = 0
V |                      |   num_partitioned_targets  = 0
V |                      |   num_secrets              = 0
V |                      |   num_targets              = 5
V |                      |   os_architecture          = X64
V |                      |   os_platform              = Windows
V |                      |   repo_branch              = main
V |                      |   repo_commit              = aca3bc
V |                      |   repo_provider            = GitHub
V |                      |   repo_url                 = 4a7372
V |                      |   target_framework         = .NETCoreApp,Version=v7.0
V |                      |   version_dotnet_sdk       = 7.0.200
V |                      |   version_nuke_common      = 6.3.0
V |                      |   version_nuke_global_tool = 6.3.0
V |                      | InjectNonParameterValues.OnBuildInitialized (-100)
V |                      | EventInvoker.OnBuildInitialized (-3.4028235E+38)
V | Restore              | EventInvoker.OnTargetRunning (-3.4028235E+38)
I | Restore              | > "C:\Program Files\dotnet\dotnet.exe" run --configuration Release --project D:\projects\cryptoTrades\tools\cli\package_install\copy\copy.csproj -- D:\projects\cryptoTrades\CryptoTrades\Assets\lib
V | Restore              | Telemetry.OnTargetSucceeded (0)
V | Restore              | Sending TargetSucceeded telemetry event ...
V | Restore              |   build_components         = 
V | Restore              |   build_type               = Project
V | Restore              |   compile_time             = 5
V | Restore              |   config_generators        = 
V | Restore              |   host                     = Terminal
V | Restore              |   num_custom_components    = 0
V | Restore              |   num_custom_extensions    = 0
V | Restore              |   num_partitioned_targets  = 0
V | Restore              |   num_secrets              = 0
V | Restore              |   num_targets              = 5
V | Restore              |   os_architecture          = X64
V | Restore              |   os_platform              = Windows
V | Restore              |   repo_branch              = main
V | Restore              |   repo_commit              = aca3bc
V | Restore              |   repo_provider            = GitHub
V | Restore              |   repo_url                 = 4a7372
V | Restore              |   target_current_partition = 1
V | Restore              |   target_duration          = 1
V | Restore              |   target_framework         = .NETCoreApp,Version=v7.0
V | Restore              |   target_name              = Restore
V | Restore              |   target_total_partitions  = 1
V | Restore              |   version_dotnet_sdk       = 7.0.200
V | Restore              |   version_nuke_common      = 6.3.0
V | Restore              |   version_nuke_global_tool = 6.3.0
V | Restore              | EventInvoker.OnTargetSucceeded (-3.4028235E+38)
V | CreateSolution       | EventInvoker.OnTargetRunning (-3.4028235E+38)
I | CreateSolution       | > C:\Users\Anton\.nuget\packages\microsoft.visualstudio.slngen.tool\9.5.3\tools\slngen\net7.0\slngen.exe CryptoTrades\Assembly-CSharp.csproj build\_build.csproj --solutionfile D:\projects\cryptoTrades\cryptoTrades.sln --launch false
D | CreateSolution       | SlnGen version 9.5.3+085038dd7e for .NET Core
D | CreateSolution       | Copyright (c) Microsoft Corporation.  Licensed under the MIT license.
D | CreateSolution       | 
D | CreateSolution       | Build started 2/18/2023 3:40:32 PM.
D | CreateSolution       | Generating solution for project "D:\projects\cryptoTrades\CryptoTrades\Assembly-CSharp.csproj"
D | CreateSolution       | Generating solution for project "D:\projects\cryptoTrades\build\_build.csproj"
D | CreateSolution       | Loading project references...
D | CreateSolution       | Loaded 10 project(s) in 178ms
D | CreateSolution       | Generating Visual Studio solution "D:\projects\cryptoTrades\cryptoTrades.sln" ...
D | CreateSolution       | 
D | CreateSolution       | Success
D | CreateSolution       |     0 Warning(s)
D | CreateSolution       |     0 Error(s)
D | CreateSolution       | 
D | CreateSolution       | Time Elapsed 00:00:00.24
V | CreateSolution       | Telemetry.OnTargetSucceeded (0)
V | CreateSolution       | EventInvoker.OnTargetSucceeded (-3.4028235E+38)
V |                      | UpdateNotification.OnBuildFinished (10)
V |                      | SerializeBuildServerState.OnBuildFinished (0)
V |                      | EventInvoker.OnBuildFinished (-3.4028235E+38)
