15:45:44.468 | V |                      | ArgumentsFromParametersFile.OnBuildCreated (150)
15:45:44.492 | V |                      | InjectParameterValues.OnBuildCreated (100)
15:45:44.498 | V |                      | HandleShellCompletion.OnBuildCreated (75)
15:45:44.575 | V |                      | GenerateBuildServerConfigurations.OnBuildCreated (50)
15:45:44.575 | V |                      | InvokeBuildServerConfigurationGeneration.OnBuildCreated (45)
15:45:44.584 | V |                      | UpdateNotification.OnBuildCreated (10)
15:45:44.584 | V |                      | UnsetVisualStudioEnvironmentVariables.OnBuildCreated (0)
15:45:44.584 | V |                      | HandleVisualStudioDebugging.OnBuildCreated (0)
15:45:44.585 | V |                      | HandleSingleFileExecution.OnBuildCreated (-50)
15:45:44.592 | V |                      | EventInvoker.OnBuildCreated (-3.4028235E+38)
15:45:44.611 | V |                      | HandleHelpRequests.OnBuildInitialized (5)
15:45:44.612 | V |                      | Telemetry.OnBuildInitialized (0)
15:45:45.113 | V |                      | Sending BuildStarted telemetry event ...
15:45:45.114 | V |                      |   build_components         = 
15:45:45.114 | V |                      |   build_type               = Project
15:45:45.114 | V |                      |   compile_time             = 3
15:45:45.114 | V |                      |   config_generators        = 
15:45:45.114 | V |                      |   host                     = Terminal
15:45:45.114 | V |                      |   num_custom_components    = 0
15:45:45.114 | V |                      |   num_custom_extensions    = 0
15:45:45.114 | V |                      |   num_partitioned_targets  = 0
15:45:45.114 | V |                      |   num_secrets              = 0
15:45:45.114 | V |                      |   num_targets              = 5
15:45:45.114 | V |                      |   os_architecture          = X64
15:45:45.114 | V |                      |   os_platform              = Windows
15:45:45.114 | V |                      |   repo_branch              = main
15:45:45.114 | V |                      |   repo_commit              = aca3bc
15:45:45.114 | V |                      |   repo_provider            = GitHub
15:45:45.114 | V |                      |   repo_url                 = 4a7372
15:45:45.114 | V |                      |   target_framework         = .NETCoreApp,Version=v7.0
15:45:45.114 | V |                      |   version_dotnet_sdk       = 7.0.200
15:45:45.114 | V |                      |   version_nuke_common      = 6.3.0
15:45:45.114 | V |                      |   version_nuke_global_tool = 6.3.0
15:45:45.922 | V |                      | InjectNonParameterValues.OnBuildInitialized (-100)
15:45:45.986 | V |                      | EventInvoker.OnBuildInitialized (-3.4028235E+38)
15:45:45.992 | V | OpenUnity            | EventInvoker.OnTargetRunning (-3.4028235E+38)
15:45:45.996 | I | OpenUnity            | > "C:\Program Files\Unity\Hub\Editor\2022.2.7f1\Editor\Unity.exe" -projectPath D:\projects\cryptoTrades\CryptoTrades
15:45:46.003 | V | OpenUnity            | Telemetry.OnTargetSucceeded (0)
15:45:46.003 | V | OpenUnity            | EventInvoker.OnTargetSucceeded (-3.4028235E+38)
15:45:46.008 | V |                      | UpdateNotification.OnBuildFinished (10)
15:45:46.008 | V |                      | SerializeBuildServerState.OnBuildFinished (0)
15:45:46.009 | V |                      | EventInvoker.OnBuildFinished (-3.4028235E+38)
