V |                      | ArgumentsFromParametersFile.OnBuildCreated (150)
V |                      | InjectParameterValues.OnBuildCreated (100)
V |                      | HandleShellCompletion.OnBuildCreated (75)
V |                      | GenerateBuildServerConfigurations.OnBuildCreated (50)
V |                      | InvokeBuildServerConfigurationGeneration.OnBuildCreated (45)
V |                      | UpdateNotification.OnBuildCreated (10)
V |                      | UnsetVisualStudioEnvironmentVariables.OnBuildCreated (0)
V |                      | HandleVisualStudioDebugging.OnBuildCreated (0)
V |                      | HandleSingleFileExecution.OnBuildCreated (-50)
V |                      | EventInvoker.OnBuildCreated (-3.4028235E+38)
V |                      | HandleHelpRequests.OnBuildInitialized (5)
V |                      | Telemetry.OnBuildInitialized (0)
V |                      | Sending BuildStarted telemetry event ...
V |                      |   build_components         = 
V |                      |   build_type               = Project
V |                      |   compile_time             = 4
V |                      |   config_generators        = 
V |                      |   host                     = Terminal
V |                      |   num_custom_components    = 0
V |                      |   num_custom_extensions    = 0
V |                      |   num_partitioned_targets  = 0
V |                      |   num_secrets              = 0
V |                      |   num_targets              = 5
V |                      |   os_architecture          = X64
V |                      |   os_platform              = Windows
V |                      |   repo_branch              = main
V |                      |   repo_commit              = aca3bc
V |                      |   repo_provider            = GitHub
V |                      |   repo_url                 = 4a7372
V |                      |   target_framework         = .NETCoreApp,Version=v7.0
V |                      |   version_dotnet_sdk       = 7.0.200
V |                      |   version_nuke_common      = 6.3.0
V |                      |   version_nuke_global_tool = 6.3.0
V |                      | InjectNonParameterValues.OnBuildInitialized (-100)
V |                      | EventInvoker.OnBuildInitialized (-3.4028235E+38)
V | Restore              | EventInvoker.OnTargetRunning (-3.4028235E+38)
I | Restore              | > "C:\Program Files\dotnet\dotnet.exe" run --configuration Release --project D:\projects\cryptoTrades\tools\cli\package_install\copy\copy.csproj -- D:\projects\cryptoTrades\CryptoTrades\Assets\lib
V | Restore              | Telemetry.OnTargetSucceeded (0)
V | Restore              | Sending TargetSucceeded telemetry event ...
V | Restore              |   build_components         = 
V | Restore              |   build_type               = Project
V | Restore              |   compile_time             = 6
V | Restore              |   config_generators        = 
V | Restore              |   host                     = Terminal
V | Restore              |   num_custom_components    = 0
V | Restore              |   num_custom_extensions    = 0
V | Restore              |   num_partitioned_targets  = 0
V | Restore              |   num_secrets              = 0
V | Restore              |   num_targets              = 5
V | Restore              |   os_architecture          = X64
V | Restore              |   os_platform              = Windows
V | Restore              |   repo_branch              = main
V | Restore              |   repo_commit              = aca3bc
V | Restore              |   repo_provider            = GitHub
V | Restore              |   repo_url                 = 4a7372
V | Restore              |   target_current_partition = 1
V | Restore              |   target_duration          = 1
V | Restore              |   target_framework         = .NETCoreApp,Version=v7.0
V | Restore              |   target_name              = Restore
V | Restore              |   target_total_partitions  = 1
V | Restore              |   version_dotnet_sdk       = 7.0.200
V | Restore              |   version_nuke_common      = 6.3.0
V | Restore              |   version_nuke_global_tool = 6.3.0
V | Restore              | EventInvoker.OnTargetSucceeded (-3.4028235E+38)
V | CreateSolution       | EventInvoker.OnTargetRunning (-3.4028235E+38)
I | CreateSolution       | > C:\Users\Anton\.nuget\packages\microsoft.visualstudio.slngen.tool\9.5.3\tools\slngen\net6.0\slngen.exe CryptoTrades\Assembly-CSharp.csproj build\_build.csproj --solutionfile D:\projects\cryptoTrades\cryptoTrades.sln --launch false
D | CreateSolution       | SlnGen version 9.5.3+085038dd7e for .NET Core
D | CreateSolution       | Copyright (c) Microsoft Corporation.  Licensed under the MIT license.
D | CreateSolution       | 
E | CreateSolution       | System.IO.FileNotFoundException: Could not load file or assembly 'System.Runtime, Version=7.0.0.0, Culture=neutral, PublicKeyToken=b03f5f7f11d50a3a'. The system cannot find the file specified.
E | CreateSolution       | File name: 'System.Runtime, Version=7.0.0.0, Culture=neutral, PublicKeyToken=b03f5f7f11d50a3a'
E | CreateSolution       |    at Microsoft.VisualStudio.SlnGen.Program.Execute(ProgramArguments arguments, IConsole console)
E | CreateSolution       |    at Microsoft.VisualStudio.SlnGen.ProgramArguments.OnExecute(IConsole console)
E | CreateSolution       | --- End of stack trace from previous location ---
E | CreateSolution       |    at McMaster.Extensions.CommandLineUtils.Conventions.ExecuteMethodConvention.Invoke(MethodInfo method, Object instance, Object[] arguments)
E | CreateSolution       |    at McMaster.Extensions.CommandLineUtils.Conventions.ExecuteMethodConvention.OnExecute(ConventionContext context, CancellationToken cancellationToken)
E | CreateSolution       |    at McMaster.Extensions.CommandLineUtils.Conventions.ExecuteMethodConvention.<>c__DisplayClass0_0.<<Apply>b__0>d.MoveNext()
E | CreateSolution       | --- End of stack trace from previous location ---
E | CreateSolution       |    at McMaster.Extensions.CommandLineUtils.CommandLineApplication.ExecuteAsync(String[] args, CancellationToken cancellationToken)
E | CreateSolution       |    at McMaster.Extensions.CommandLineUtils.CommandLineApplication.ExecuteAsync[TApp](CommandLineContext context, CancellationToken cancellationToken)
E | CreateSolution       |    at Microsoft.VisualStudio.SlnGen.Program.Execute(String[] args, IConsole console)
E | CreateSolution       | Target CreateSolution has thrown an exception
Nuke.Common.Tooling.ProcessException: Process 'slngen.exe' exited with code 2.
   > C:\Users\Anton\.nuget\packages\microsoft.visualstudio.slngen.tool\9.5.3\tools\slngen\net6.0\slngen.exe CryptoTrades\Assembly-CSharp.csproj build\_build.csproj --solutionfile D:\projects\cryptoTrades\cryptoTrades.sln --launch false
   @ D:\projects\cryptoTrades
Error output:
   System.IO.FileNotFoundException: Could not load file or assembly 'System.Runtime, Version=7.0.0.0, Culture=neutral, PublicKeyToken=b03f5f7f11d50a3a'. The system cannot find the file specified.
   File name: 'System.Runtime, Version=7.0.0.0, Culture=neutral, PublicKeyToken=b03f5f7f11d50a3a'
      at Microsoft.VisualStudio.SlnGen.Program.Execute(ProgramArguments arguments, IConsole console)
      at Microsoft.VisualStudio.SlnGen.ProgramArguments.OnExecute(IConsole console)
   --- End of stack trace from previous location ---
      at McMaster.Extensions.CommandLineUtils.Conventions.ExecuteMethodConvention.Invoke(MethodInfo method, Object instance, Object[] arguments)
      at McMaster.Extensions.CommandLineUtils.Conventions.ExecuteMethodConvention.OnExecute(ConventionContext context, CancellationToken cancellationToken)
      at McMaster.Extensions.CommandLineUtils.Conventions.ExecuteMethodConvention.<>c__DisplayClass0_0.<<Apply>b__0>d.MoveNext()
   --- End of stack trace from previous location ---
      at McMaster.Extensions.CommandLineUtils.CommandLineApplication.ExecuteAsync(String[] args, CancellationToken cancellationToken)
      at McMaster.Extensions.CommandLineUtils.CommandLineApplication.ExecuteAsync[TApp](CommandLineContext context, CancellationToken cancellationToken)
      at Microsoft.VisualStudio.SlnGen.Program.Execute(String[] args, IConsole console)

   at Nuke.Common.Tooling.ProcessExtensions.AssertZeroExitCode(IProcess process) in /_/source/Nuke.Common/Tooling/ProcessExtensions.cs:line 39
   at Nuke.Common.Tooling.ToolExecutor.Execute(String arguments, String workingDirectory, IReadOnlyDictionary`2 environmentVariables, Nullable`1 timeout, Nullable`1 logOutput, Nullable`1 logInvocation, Action`2 customLogger, Func`2 outputFilter) in /_/source/Nuke.Common/Tooling/ToolExecutor.cs:line 30
   at Build.SlnGenCreateSolution() in D:\projects\cryptoTrades\build\Build.cs:line 181
   at Build.<get_CreateSolution>b__7_1() in D:\projects\cryptoTrades\build\Build.cs:line 52
   at Nuke.Common.Execution.BuildExecutor.<>c.<Execute>b__4_2(Action x) in /_/source/Nuke.Common/Execution/BuildExecutor.cs:line 112
   at Nuke.Common.Utilities.Collections.EnumerableExtensions.ForEach[T](IEnumerable`1 enumerable, Action`1 action) in /_/source/Nuke.Common/Utilities/Collections/Enumerable.ForEach.cs:line 17
   at Nuke.Common.Execution.BuildExecutor.Execute(NukeBuild build, ExecutableTarget target, IReadOnlyCollection`1 previouslyExecutedTargets, Boolean failureMode) in /_/source/Nuke.Common/Execution/BuildExecutor.cs:line 112
V | CreateSolution       | EventInvoker.OnTargetFailed (-3.4028235E+38)
